/Users/jeorgecassiodesousasilva/Library/Python/3.9/lib/python/site-packages/urllib3/__init__.py:35: NotOpenSSLWarning: urllib3 v2 only supports OpenSSL 1.1.1+, currently the 'ssl' module is compiled with 'LibreSSL 2.8.3'. See: https://github.com/urllib3/urllib3/issues/3020
  warnings.warn(

  You can now view your Streamlit app in your browser.

  Local URL: http://localhost:8502
  Network URL: http://192.168.178.68:8502
  External URL: http://134.101.248.102:8502

🔍 Found 20 book(s) with missing prices. Updating...
[GoogleBooks] No price info for ISBN 000100039X
❌ No price found for ISBN 000100039X (book_id=391)
[GoogleBooks] No price info for ISBN 0001713191
❌ No price found for ISBN 0001713191 (book_id=3784)
[GoogleBooks] No items found for ISBN 0002317850
❌ No price found for ISBN 0002317850 (book_id=2258)
[GoogleBooks] No price info for ISBN 0006163831
❌ No price found for ISBN 0006163831 (book_id=3042)
[GoogleBooks] No price info for ISBN 000617695X
❌ No price found for ISBN 000617695X (book_id=4485)
[GoogleBooks] No price info for ISBN 0006178731
❌ No price found for ISBN 0006178731 (book_id=5302)
[GoogleBooks] No price info for ISBN 0006280897
❌ No price found for ISBN 0006280897 (book_id=3994)
[GoogleBooks] No price info for ISBN 0006281141
❌ No price found for ISBN 0006281141 (book_id=935)
[GoogleBooks] No price info for ISBN 0006380832
❌ No price found for ISBN 0006380832 (book_id=4796)
[GoogleBooks] No price info for ISBN 0006479758
❌ No price found for ISBN 0006479758 (book_id=2726)
[GoogleBooks] No price info for ISBN 0006482074
❌ No price found for ISBN 0006482074 (book_id=3727)
[GoogleBooks] No price info for ISBN 0006482643
❌ No price found for ISBN 0006482643 (book_id=4247)
[GoogleBooks] No price info for ISBN 0006496873
❌ No price found for ISBN 0006496873 (book_id=1522)
[GoogleBooks] No price info for ISBN 0006496903
❌ No price found for ISBN 0006496903 (book_id=1523)
[GoogleBooks] No price info for ISBN 0006498868
❌ No price found for ISBN 0006498868 (book_id=5491)
[GoogleBooks] No price info for ISBN 0006499260
❌ No price found for ISBN 0006499260 (book_id=2484)
[GoogleBooks] No price info for ISBN 0006511775
❌ No price found for ISBN 0006511775 (book_id=4180)
[GoogleBooks] No price info for ISBN 0006540805
❌ No price found for ISBN 0006540805 (book_id=2835)
[GoogleBooks] No price info for ISBN 000664600X
❌ No price found for ISBN 000664600X (book_id=678)
[GoogleBooks] No price info for ISBN 0006754899
❌ No price found for ISBN 0006754899 (book_id=4651)
🎉 Done. Updated 0 book(s) with new prices.
🔍 Found 20 book(s) with missing prices. Updating...
[GoogleBooks] No price info for ISBN 000100039X
❌ No price found for ISBN 000100039X (book_id=391)
[GoogleBooks] No price info for ISBN 0001713191
❌ No price found for ISBN 0001713191 (book_id=3784)
[GoogleBooks] No items found for ISBN 0002317850
❌ No price found for ISBN 0002317850 (book_id=2258)
[GoogleBooks] No price info for ISBN 0006163831
❌ No price found for ISBN 0006163831 (book_id=3042)
[GoogleBooks] No price info for ISBN 000617695X
❌ No price found for ISBN 000617695X (book_id=4485)
[GoogleBooks] No price info for ISBN 0006178731
❌ No price found for ISBN 0006178731 (book_id=5302)
[GoogleBooks] No price info for ISBN 0006280897
❌ No price found for ISBN 0006280897 (book_id=3994)
[GoogleBooks] No price info for ISBN 0006281141
❌ No price found for ISBN 0006281141 (book_id=935)
[GoogleBooks] No price info for ISBN 0006380832
❌ No price found for ISBN 0006380832 (book_id=4796)
[GoogleBooks] No price info for ISBN 0006479758
❌ No price found for ISBN 0006479758 (book_id=2726)
[GoogleBooks] No price info for ISBN 0006482074
❌ No price found for ISBN 0006482074 (book_id=3727)
[GoogleBooks] No price info for ISBN 0006482643
❌ No price found for ISBN 0006482643 (book_id=4247)
[GoogleBooks] No price info for ISBN 0006496873
❌ No price found for ISBN 0006496873 (book_id=1522)
[GoogleBooks] No price info for ISBN 0006496903
❌ No price found for ISBN 0006496903 (book_id=1523)
[GoogleBooks] No price info for ISBN 0006498868
❌ No price found for ISBN 0006498868 (book_id=5491)
[GoogleBooks] No price info for ISBN 0006499260
❌ No price found for ISBN 0006499260 (book_id=2484)
[GoogleBooks] No price info for ISBN 0006511775
❌ No price found for ISBN 0006511775 (book_id=4180)
[GoogleBooks] No price info for ISBN 0006540805
❌ No price found for ISBN 0006540805 (book_id=2835)
[GoogleBooks] No price info for ISBN 000664600X
❌ No price found for ISBN 000664600X (book_id=678)
[GoogleBooks] No price info for ISBN 0006754899
❌ No price found for ISBN 0006754899 (book_id=4651)
🎉 Done. Updated 0 book(s) with new prices.
🔍 Found 20 book(s) with missing prices. Updating...
[GoogleBooks] No price info for ISBN 000100039X
❌ No price found for ISBN 000100039X (book_id=391)
[GoogleBooks] No price info for ISBN 0001713191
❌ No price found for ISBN 0001713191 (book_id=3784)
[GoogleBooks] No items found for ISBN 0002317850
❌ No price found for ISBN 0002317850 (book_id=2258)
[GoogleBooks] No price info for ISBN 0006163831
❌ No price found for ISBN 0006163831 (book_id=3042)
[GoogleBooks] No price info for ISBN 000617695X
❌ No price found for ISBN 000617695X (book_id=4485)
[GoogleBooks] No price info for ISBN 0006178731
❌ No price found for ISBN 0006178731 (book_id=5302)
[GoogleBooks] No price info for ISBN 0006280897
❌ No price found for ISBN 0006280897 (book_id=3994)
[GoogleBooks] No price info for ISBN 0006281141
❌ No price found for ISBN 0006281141 (book_id=935)
[GoogleBooks] No price info for ISBN 0006380832
❌ No price found for ISBN 0006380832 (book_id=4796)
[GoogleBooks] No price info for ISBN 0006479758
❌ No price found for ISBN 0006479758 (book_id=2726)
[GoogleBooks] No price info for ISBN 0006482074
❌ No price found for ISBN 0006482074 (book_id=3727)
[GoogleBooks] No price info for ISBN 0006482643
❌ No price found for ISBN 0006482643 (book_id=4247)
[GoogleBooks] No price info for ISBN 0006496873
❌ No price found for ISBN 0006496873 (book_id=1522)
[GoogleBooks] No price info for ISBN 0006496903
❌ No price found for ISBN 0006496903 (book_id=1523)
[GoogleBooks] No price info for ISBN 0006498868
❌ No price found for ISBN 0006498868 (book_id=5491)
[GoogleBooks] No price info for ISBN 0006499260
❌ No price found for ISBN 0006499260 (book_id=2484)
[GoogleBooks] No price info for ISBN 0006511775
❌ No price found for ISBN 0006511775 (book_id=4180)
[GoogleBooks] No price info for ISBN 0006540805
❌ No price found for ISBN 0006540805 (book_id=2835)
[GoogleBooks] No price info for ISBN 000664600X
❌ No price found for ISBN 000664600X (book_id=678)
[GoogleBooks] No price info for ISBN 0006754899
❌ No price found for ISBN 0006754899 (book_id=4651)
🎉 Done. Updated 0 book(s) with new prices.
🔍 Found 20 book(s) with missing prices. Processing...
❌ No suitable Google Books match for book_id=2258, ISBN=0002317850, title='Sleeping Murder (Miss Marple  #13)'
❌ No suitable Google Books match for book_id=3042, ISBN=0006163831, title='The One Tree (The Second Chronicles of Thomas Covenant  #2)'
❌ No suitable Google Books match for book_id=4485, ISBN=000617695X, title='The Great And Secret Show (Book of the Art #1)'
❌ No suitable Google Books match for book_id=3994, ISBN=0006280897, title='The Four Loves'
❌ No suitable Google Books match for book_id=935, ISBN=0006281141, title='Divine Conspiracy: Rediscovering Our Hidden Life in God'
❌ No suitable Google Books match for book_id=4796, ISBN=0006380832, title='Empires of the Monsoon: A History of the Indian Ocean and Its Invaders'
❌ No suitable Google Books match for book_id=3727, ISBN=0006482074, title='Warhost of Vastmark (Wars of Light & Shadow  #3; Arc 2 - The Ships of Merior  #2)'
❌ No suitable Google Books match for book_id=1522, ISBN=0006496873, title='Mystical Paths (Starbridge  #5)'
❌ No suitable Google Books match for book_id=1523, ISBN=0006496903, title='Scandalous Risks'
❌ No suitable Google Books match for book_id=5491, ISBN=0006498868, title='The Mad Ship (Liveship Traders  #2)'
❌ No suitable Google Books match for book_id=2484, ISBN=0006499260, title='The Reverse of the Medal (Aubrey & Maturin #11)'
❌ No suitable Google Books match for book_id=2835, ISBN=0006540805, title='She Came to Stay'
❌ No suitable Google Books match for book_id=678, ISBN=000664600X, title='Ocean Star Express'
❌ No suitable Google Books match for book_id=4651, ISBN=0006754899, title='A Small Pinch of Weather'
❌ No suitable Google Books match for book_id=3729, ISBN=0007102224, title='Grand Conspiracy (Wars of Light & Shadow #5; Arc 3 - Alliance of Light  #2)'
❌ No suitable Google Books match for book_id=4496, ISBN=0007104847, title='The One Minute Minute Sales Person'
❌ No suitable Google Books match for book_id=1019, ISBN=0007105045, title='Tree and Leaf: Includes Mythopoeia and The Homecoming of Beorhtnoth'
❌ No suitable Google Books match for book_id=626, ISBN=0007109660, title='Dreamland (Dreamland  #1)'
❌ No suitable Google Books match for book_id=2260, ISBN=0007120680, title='Hallowe'en Party (Hercule Poirot  #39)'
❌ No suitable Google Books match for book_id=2272, ISBN=0007121008, title='Mrs. McGinty's Dead (Hercule Poirot  #30)'
🎉 Processing finished. 0 book(s) updated.
🔍 Found 1 book(s) with missing prices. Processing...
❌ No suitable Google Books match for book_id=2258, ISBN=0002317850, title='Sleeping Murder (Miss Marple  #13)'
🎉 Processing finished. 0 book(s) updated.
🔍 Found 1 book(s) with missing prices. Processing...
❌ No suitable Google Books match for book_id=3042, ISBN=0006163831, title='The One Tree (The Second Chronicles of Thomas Covenant  #2)'
🎉 Processing finished. 0 book(s) updated.
  Stopping...
